<?xml version="1.0" encoding="UTF-8"?>
<testng-results skipped="0" failed="0" ignored="0" total="1" passed="1">
  <reporter-output>
  </reporter-output>
  <suite name="Default suite" duration-ms="89" started-at="2020-02-27T11:07:56 IST" finished-at="2020-02-27T11:07:56 IST">
    <groups>
    </groups>
    <test name="Default test" duration-ms="89" started-at="2020-02-27T11:07:56 IST" finished-at="2020-02-27T11:07:56 IST">
      <class name="assertionsTest.SoftAssertTest">
        <test-method status="PASS" signature="login()[pri:0, instance:assertionsTest.SoftAssertTest@5ec0a365]" name="login" duration-ms="18" started-at="2020-02-27T11:07:56 IST" finished-at="2020-02-27T11:07:56 IST">
          <reporter-output>
          </reporter-output>
        </test-method> <!-- login -->
      </class> <!-- assertionsTest.SoftAssertTest -->
    </test> <!-- Default test -->
  </suite> <!-- Default suite -->
</testng-results>
